1.0715048313141
1.1478369235992
1.3312799930573
1.3703050613403
1.3863160610199
1.3944079875946
1.4687581062317
1.4908499717712
1.5253670215607
1.5797669887543
1.5951690673828
1.6015260219574
1.5348699092865
1.5777831077576
1.641364812851
1.6676359176636
1.8892750740051
1.6767110824585
1.6877059936523
1.6758379936218
1.7132890224457
1.7168262004852
1.7021481990814
1.7331490516663
1.7509579658508
1.7868819236755
1.7909569740295
1.8151621818542
1.8271880149841
1.8585948944092
1.8525269031525
1.8716428279877
1.8875079154968
1.8797190189362
1.9058039188385
1.901505947113
1.9031910896301
1.9081630706787
1.9312949180603
1.9151661396027
1.9348390102386
1.939789056778
1.9628551006317
1.9467577934265
1.9551169872284
1.9801251888275
1.9860351085663
1.9860520362854
2.0012681484222
2.0146729946136
